<?xml version="1.0" encoding="UTF-8"?>
<robot generator="Robot 6.0.2 (Python 3.11.1 on win32)" generated="20230206 13:19:47.475" rpa="false" schemaversion="3">
<suite id="s1" name="Teste" source="C:\Users\ninha\Robot\teste.robot">
<test id="s1-t1" name="Cenário 1: Acessando o site do Robot" line="12">
<kw name="Abrir Site">
<kw name="Open Browser" library="SeleniumLibrary">
<arg>https://robotframework.org/</arg>
<arg>chrome</arg>
<doc>Opens a new browser instance to the optional ``url``.</doc>
<msg timestamp="20230206 13:19:47.946" level="INFO">Opening browser 'chrome' to base url 'https://robotframework.org/'.</msg>
<status status="PASS" starttime="20230206 13:19:47.946" endtime="20230206 13:19:52.755"/>
</kw>
<status status="PASS" starttime="20230206 13:19:47.931" endtime="20230206 13:19:52.755"/>
</kw>
<status status="PASS" starttime="20230206 13:19:47.931" endtime="20230206 13:19:52.756"/>
</test>
<status status="PASS" starttime="20230206 13:19:47.475" endtime="20230206 13:19:52.758"/>
</suite>
<statistics>
<total>
<stat pass="1" fail="0" skip="0">All Tests</stat>
</total>
<tag>
</tag>
<suite>
<stat pass="1" fail="0" skip="0" id="s1" name="Teste">Teste</stat>
</suite>
</statistics>
<errors>
</errors>
</robot>
