<?xml version="1.0" encoding="UTF-8"?>
<robot generator="Robot 6.0.2 (Python 3.11.1 on win32)" generated="20230309 15:36:04.479" rpa="false" schemaversion="3">
<suite id="s1" name="Aula1" source="C:\Users\ninha\Robot\aulas\aula1.robot">
<test id="s1-t1" name="Cenario 1: teste teste" line="12">
<kw name="Open Browser" library="SeleniumLibrary">
<arg>https://www.youtube.com/?skip_registered_account_check=true</arg>
<arg>chrome</arg>
<doc>Opens a new browser instance to the optional ``url``.</doc>
<msg timestamp="20230309 15:36:05.338" level="INFO">Opening browser 'chrome' to base url 'https://www.youtube.com/?skip_registered_account_check=true'.</msg>
<status status="PASS" starttime="20230309 15:36:05.336" endtime="20230309 15:36:14.589"/>
</kw>
<status status="PASS" starttime="20230309 15:36:05.334" endtime="20230309 15:36:14.594"/>
</test>
<status status="PASS" starttime="20230309 15:36:04.483" endtime="20230309 15:36:14.608"/>
</suite>
<statistics>
<total>
<stat pass="1" fail="0" skip="0">All Tests</stat>
</total>
<tag>
</tag>
<suite>
<stat pass="1" fail="0" skip="0" id="s1" name="Aula1">Aula1</stat>
</suite>
</statistics>
<errors>
</errors>
</robot>
