<?xml version="1.0" encoding="UTF-8"?>
<robot generator="Robot 6.0.2 (Python 3.11.1 on win32)" generated="20230309 19:48:19.882" rpa="false" schemaversion="3">
<suite id="s1" name="Aula2" source="C:\Users\ninha\Robot\aulas\aula2.robot">
<test id="s1-t1" name="Cenario 1: Preencher formulario" line="30">
<kw name="abrir navegador">
<kw name="Open Browser" library="SeleniumLibrary">
<arg>https://itera-qa.azurewebsites.net/home/automation</arg>
<arg>chrome</arg>
<doc>Opens a new browser instance to the optional ``url``.</doc>
<msg timestamp="20230309 19:48:20.485" level="INFO">Opening browser 'chrome' to base url 'https://itera-qa.azurewebsites.net/home/automation'.</msg>
<status status="PASS" starttime="20230309 19:48:20.485" endtime="20230309 19:48:23.317"/>
</kw>
<status status="PASS" starttime="20230309 19:48:20.485" endtime="20230309 19:48:23.317"/>
</kw>
<kw name="preencher campos">
<kw name="Input Text" library="SeleniumLibrary">
<arg>${input_name}</arg>
<arg>Anna</arg>
<doc>Types the given ``text`` into the text field identified by ``locator``.</doc>
<msg timestamp="20230309 19:48:23.317" level="INFO">Typing text 'Anna' into text field 'id:name'.</msg>
<status status="PASS" starttime="20230309 19:48:23.317" endtime="20230309 19:48:23.536"/>
</kw>
<kw name="Input Text" library="SeleniumLibrary">
<arg>${input_phone}</arg>
<arg>123654789</arg>
<doc>Types the given ``text`` into the text field identified by ``locator``.</doc>
<msg timestamp="20230309 19:48:23.536" level="INFO">Typing text '123654789' into text field 'id:phone'.</msg>
<status status="PASS" starttime="20230309 19:48:23.536" endtime="20230309 19:48:23.752"/>
</kw>
<kw name="Input Text" library="SeleniumLibrary">
<arg>${input_email}</arg>
<arg>anna@anna.com</arg>
<doc>Types the given ``text`` into the text field identified by ``locator``.</doc>
<msg timestamp="20230309 19:48:23.752" level="INFO">Typing text 'anna@anna.com' into text field 'id:email'.</msg>
<status status="PASS" starttime="20230309 19:48:23.752" endtime="20230309 19:48:23.974"/>
</kw>
<kw name="Input Text" library="SeleniumLibrary">
<arg>${input_pass}</arg>
<arg>asdfghj</arg>
<doc>Types the given ``text`` into the text field identified by ``locator``.</doc>
<msg timestamp="20230309 19:48:23.974" level="INFO">Typing text 'asdfghj' into text field 'id:password'.</msg>
<status status="PASS" starttime="20230309 19:48:23.974" endtime="20230309 19:48:24.191"/>
</kw>
<kw name="Input Text" library="SeleniumLibrary">
<arg>${textarea_address}</arg>
<arg>qwertyuiopasdfghjklxcvbnm</arg>
<doc>Types the given ``text`` into the text field identified by ``locator``.</doc>
<msg timestamp="20230309 19:48:24.191" level="INFO">Typing text 'qwertyuiopasdfghjklxcvbnm' into text field 'id:address'.</msg>
<status status="PASS" starttime="20230309 19:48:24.191" endtime="20230309 19:48:24.433"/>
</kw>
<status status="PASS" starttime="20230309 19:48:23.317" endtime="20230309 19:48:24.433"/>
</kw>
<kw name="clicar em submit">
<kw name="Click Element" library="SeleniumLibrary">
<arg>${button_submit}</arg>
<doc>Click the element identified by ``locator``.</doc>
<msg timestamp="20230309 19:48:24.433" level="INFO">Clicking element 'name:submit'.</msg>
<status status="PASS" starttime="20230309 19:48:24.433" endtime="20230309 19:48:24.536"/>
</kw>
<status status="PASS" starttime="20230309 19:48:24.433" endtime="20230309 19:48:24.536"/>
</kw>
<status status="PASS" starttime="20230309 19:48:20.469" endtime="20230309 19:48:24.536"/>
</test>
<status status="PASS" starttime="20230309 19:48:19.882" endtime="20230309 19:48:24.540"/>
</suite>
<statistics>
<total>
<stat pass="1" fail="0" skip="0">All Tests</stat>
</total>
<tag>
</tag>
<suite>
<stat pass="1" fail="0" skip="0" id="s1" name="Aula2">Aula2</stat>
</suite>
</statistics>
<errors>
</errors>
</robot>
